<?xml version="1.0" encoding="UTF-8"?>
<testng-results skipped="0" failed="0" ignored="0" total="1" passed="1">
  <reporter-output>
  </reporter-output>
  <suite name="Suite" duration-ms="15653" started-at="2020-01-01T19:08:45Z" finished-at="2020-01-01T19:09:01Z">
    <groups>
      <group name="cucumber">
        <method signature="AbstractTestNGCucumberTests.feature(cucumber.api.testng.CucumberFeatureWrapper)[pri:0, instance:run.TestRunnerFile@7d9d1a19]" name="feature" class="cucumber.api.testng.AbstractTestNGCucumberTests"/>
      </group> <!-- cucumber -->
    </groups>
    <test name="Test" duration-ms="15653" started-at="2020-01-01T19:08:45Z" finished-at="2020-01-01T19:09:01Z">
      <class name="run.TestRunnerFile">
        <test-method status="PASS" signature="setUpClass()[pri:0, instance:run.TestRunnerFile@7d9d1a19]" name="setUpClass" is-config="true" duration-ms="156" started-at="2020-01-01T19:08:45Z" finished-at="2020-01-01T19:08:45Z">
          <reporter-output>
          </reporter-output>
        </test-method> <!-- setUpClass -->
        <test-method status="PASS" signature="feature(cucumber.api.testng.CucumberFeatureWrapper)[pri:0, instance:run.TestRunnerFile@7d9d1a19]" name="feature" duration-ms="15361" started-at="2020-01-01T19:08:45Z" description="Runs Cucumber Feature" data-provider="features" finished-at="2020-01-01T19:09:01Z">
          <params>
            <param index="0">
              <value>
                <![CDATA[Check automationpractice login]]>
              </value>
            </param>
          </params>
          <reporter-output>
          </reporter-output>
        </test-method> <!-- feature -->
        <test-method status="PASS" signature="tearDownClass()[pri:0, instance:run.TestRunnerFile@7d9d1a19]" name="tearDownClass" is-config="true" duration-ms="75" started-at="2020-01-01T19:09:01Z" finished-at="2020-01-01T19:09:01Z">
          <reporter-output>
          </reporter-output>
        </test-method> <!-- tearDownClass -->
      </class> <!-- run.TestRunnerFile -->
    </test> <!-- Test -->
  </suite> <!-- Suite -->
</testng-results>
